<?xml version="1.0" encoding="UTF-8"?>
<testng-results ignored="0" total="1" passed="1" failed="0" skipped="0">
  <reporter-output>
  </reporter-output>
  <suite started-at="2025-02-11T11:42:58 IST" name="Default suite" finished-at="2025-02-11T11:43:42 IST" duration-ms="43648">
    <groups>
    </groups>
    <test started-at="2025-02-11T11:42:58 IST" name="Default test" finished-at="2025-02-11T11:43:42 IST" duration-ms="43648">
      <class name="webpage.Amazon_login">
        <test-method is-config="true" signature="setup()[pri:0, instance:webpage.Amazon_login@233795b6]" started-at="2025-02-11T11:42:58 IST" name="setup" finished-at="2025-02-11T11:43:36 IST" duration-ms="37915" status="PASS">
          <reporter-output>
          </reporter-output>
        </test-method> <!-- setup -->
        <test-method signature="login()[pri:0, instance:webpage.Amazon_login@233795b6]" started-at="2025-02-11T11:43:36 IST" name="login" finished-at="2025-02-11T11:43:42 IST" duration-ms="5172" status="PASS">
          <reporter-output>
          </reporter-output>
        </test-method> <!-- login -->
        <test-method is-config="true" signature="close()[pri:0, instance:webpage.Amazon_login@233795b6]" started-at="2025-02-11T11:43:42 IST" name="close" finished-at="2025-02-11T11:43:42 IST" duration-ms="358" status="PASS">
          <reporter-output>
          </reporter-output>
        </test-method> <!-- close -->
      </class> <!-- webpage.Amazon_login -->
    </test> <!-- Default test -->
  </suite> <!-- Default suite -->
</testng-results>
