<?xml version="1.0" encoding="UTF-8"?>
<testng-results ignored="0" total="1" passed="1" failed="0" skipped="0">
  <reporter-output>
  </reporter-output>
  <suite started-at="2025-02-13T12:20:39 IST" name="Default suite" finished-at="2025-02-13T12:21:06 IST" duration-ms="26284">
    <groups>
    </groups>
    <test started-at="2025-02-13T12:20:39 IST" name="Default test" finished-at="2025-02-13T12:21:06 IST" duration-ms="26284">
      <class name="webpage.Automation_teststore_register">
        <test-method is-config="true" signature="setup()[pri:0, instance:webpage.Automation_teststore_register@79079097]" started-at="2025-02-13T12:20:39 IST" name="setup" finished-at="2025-02-13T12:20:56 IST" duration-ms="16792" status="PASS">
          <reporter-output>
          </reporter-output>
        </test-method> <!-- setup -->
        <test-method signature="newregistration(java.lang.String,java.lang.String,java.lang.String,java.lang.String,java.lang.String,java.lang.String,java.lang.String,java.lang.String,java.lang.String,java.lang.String,java.lang.String)[pri:0, instance:webpage.Automation_teststore_register@79079097]" started-at="2025-02-13T12:20:56 IST" name="newregistration" data-provider="data" finished-at="2025-02-13T12:21:05 IST" duration-ms="8765" status="PASS">
          <params>
            <param index="0">
              <value>
                <![CDATA[ken]]>
              </value>
            </param>
            <param index="1">
              <value>
                <![CDATA[ben]]>
              </value>
            </param>
            <param index="2">
              <value>
                <![CDATA[kenben3@gmail.com]]>
              </value>
            </param>
            <param index="3">
              <value>
                <![CDATA[3654127893]]>
              </value>
            </param>
            <param index="4">
              <value>
                <![CDATA[New codn NY 2325]]>
              </value>
            </param>
            <param index="5">
              <value>
                <![CDATA[New Mark]]>
              </value>
            </param>
            <param index="6">
              <value>
                <![CDATA[Tamil Nadu]]>
              </value>
            </param>
            <param index="7">
              <value>
                <![CDATA[22039]]>
              </value>
            </param>
            <param index="8">
              <value>
                <![CDATA[India]]>
              </value>
            </param>
            <param index="9">
              <value>
                <![CDATA[name14]]>
              </value>
            </param>
            <param index="10">
              <value>
                <![CDATA[pass123]]>
              </value>
            </param>
          </params>
          <reporter-output>
          </reporter-output>
        </test-method> <!-- newregistration -->
        <test-method is-config="true" signature="close()[pri:0, instance:webpage.Automation_teststore_register@79079097]" started-at="2025-02-13T12:21:05 IST" name="close" finished-at="2025-02-13T12:21:06 IST" duration-ms="479" status="PASS">
          <reporter-output>
          </reporter-output>
        </test-method> <!-- close -->
      </class> <!-- webpage.Automation_teststore_register -->
    </test> <!-- Default test -->
  </suite> <!-- Default suite -->
</testng-results>
